[2025-03-15 03:06:04,953: INFO: main: stage Data Ingestion stage initiated]
[2025-03-15 03:06:04,953: INFO: common: yaml file: config\config.yaml load successfully]
[2025-03-15 03:06:04,953: INFO: common: yaml file: params.yaml load successfully]
[2025-03-15 03:06:04,953: INFO: common: created directory at: artifacts]
[2025-03-15 03:06:04,953: INFO: common: created directory at: artifacts/data_ingestion]
[2025-03-15 03:06:07,276: INFO: data_ingestion: File is downloaded]
[2025-03-15 03:06:07,423: INFO: main: Stage Data Ingestion stage Completed]
[2025-03-15 12:20:42,956: INFO: config: PyTorch version 2.6.0 available.]
[2025-03-15 12:20:44,420: INFO: main: stage Data Ingestion stage initiated]
[2025-03-15 12:20:44,434: INFO: common: yaml file: config\config.yaml load successfully]
[2025-03-15 12:20:44,441: INFO: common: yaml file: params.yaml load successfully]
[2025-03-15 12:20:44,441: INFO: common: created directory at: artifacts]
[2025-03-15 12:20:44,441: INFO: common: created directory at: artifacts/data_ingestion]
[2025-03-15 12:20:44,441: INFO: data_ingestion: File already exists]
[2025-03-15 12:20:44,552: INFO: main: Stage Data Ingestion stage Completed]
[2025-03-15 12:20:44,552: INFO: main: stage Data Transformation stage initiated]
[2025-03-15 12:20:44,552: INFO: common: yaml file: config\config.yaml load successfully]
[2025-03-15 12:20:44,552: INFO: common: yaml file: params.yaml load successfully]
[2025-03-15 12:20:44,552: INFO: common: created directory at: artifacts]
[2025-03-15 12:20:44,559: INFO: common: created directory at: artifacts/data_transformation]
[2025-03-15 12:20:49,172: INFO: main: Stage Data Transformation stage Completed]
[2025-03-15 13:25:28,271: INFO: server: Started server process [23480]]
[2025-03-15 13:25:28,271: INFO: on: Waiting for application startup.]
[2025-03-15 13:25:28,271: INFO: on: Application startup complete.]
[2025-03-15 13:25:28,271: INFO: server: Uvicorn running on http://0.0.0.0:8080 (Press CTRL+C to quit)]
[2025-03-15 13:35:56,710: INFO: server: Shutting down]
[2025-03-15 13:35:56,814: INFO: on: Waiting for application shutdown.]
[2025-03-15 13:35:56,815: INFO: on: Application shutdown complete.]
[2025-03-15 13:35:56,815: INFO: server: Finished server process [23480]]
